[2019-03-22T17:47:13.593] [INFO] info - 添加一个新的产品:10000_2101 []
[2019-03-22T17:47:13.593] [INFO] info - 12306 进入 channel / []
[2019-03-22T17:47:13.593] [INFO] info - 添加一个新的连接:{"userId":"12306","token":"12306","product":"10000_2101"} 当前人数为1 []
[2019-03-22T17:47:13.602] [INFO] info - 删除一个产品:10000_2101 []
[2019-03-22T17:47:13.603] [INFO] info - 删除一个连接:{"userId":"12306","token":"12306","product":"10000_2101"} []
[2019-03-22T17:49:31.834] [INFO] info - 添加一个新的产品:10000_2101 []
[2019-03-22T17:49:31.834] [INFO] info - 12306 进入 channel / []
[2019-03-22T17:49:31.834] [INFO] info - 添加一个新的连接:{"userId":"12306","token":"12306","product":"10000_2101"} 当前人数为1 []
[2019-03-22T17:49:31.840] [INFO] info - 删除一个连接:{"userId":"12306","token":"12306","product":"10000_2101"}  当前人数为0 []
[2019-03-22T17:49:31.841] [INFO] info - 12306 离开 channel / []
[2019-03-22T17:49:31.850] [INFO] info - 12306 离开 channel / 人数为 0 将要被销毁 []
[2019-03-22T17:49:31.851] [INFO] info - 删除一个产品:10000_2101 []
[2019-03-22T17:51:18.007] [INFO] info - 添加一个新的产品:10000_2101 []
[2019-03-22T17:51:18.007] [INFO] info - 12306 进入 channel / []
[2019-03-22T17:51:18.007] [INFO] info - 添加一个新的连接:{"userId":"12306","token":"12306","product":"10000_2101"} 当前人数为1 []
[2019-03-22T17:51:18.014] [INFO] info - 删除一个连接:{"userId":"12306","token":"12306","product":"10000_2101"}  当前人数为0 []
[2019-03-22T17:51:18.014] [INFO] info - 12306 离开 channel / []
[2019-03-22T17:51:18.014] [INFO] info - 12306 离开 channel / 人数为 0 将要被销毁 []
[2019-03-22T17:51:18.014] [INFO] info - 默认频道‘/’ 不能被销毁 []
[2019-03-22T17:51:18.015] [INFO] info - 删除一个产品:10000_2101 []
[2019-03-22T17:53:04.820] [INFO] info - 添加一个新的产品:10000_2101 []
[2019-03-22T17:53:04.821] [INFO] info - 12306 进入 channel / []
[2019-03-22T17:53:04.821] [INFO] info - 添加一个新的连接:{"userId":"12306","token":"12306","product":"10000_2101"} 当前人数为1 []
[2019-03-22T17:53:04.827] [INFO] info - 删除一个连接:{"userId":"12306","token":"12306","product":"10000_2101"}  当前人数为0 []
[2019-03-22T17:53:04.828] [INFO] info - 12306 离开 channel / []
[2019-03-22T17:53:04.828] [INFO] info - 12306 离开 channel / 人数为 0 将要被销毁 []
[2019-03-22T17:53:04.828] [INFO] info - 默认channel:'/' 不能被销毁 []
[2019-03-22T17:53:04.828] [INFO] info - 删除一个产品:10000_2101 []
[2019-03-22T17:53:37.801] [INFO] info - 添加一个新的产品:10000_2101 []
[2019-03-22T17:53:37.801] [INFO] info - 12306 进入 channel / []
[2019-03-22T17:53:37.801] [INFO] info - 添加一个新的连接:{"userId":"12306","token":"12306","product":"10000_2101"} 当前人数为1 []
[2019-03-22T17:53:37.810] [INFO] info - 删除一个连接:{"userId":"12306","token":"12306","product":"10000_2101"}  当前人数为0 []
[2019-03-22T17:53:37.811] [INFO] info - 12306 离开 channel / []
[2019-03-22T17:53:37.811] [INFO] info - 12306 离开 channel / 人数为 0 将要被销毁 []
[2019-03-22T17:53:37.812] [INFO] info - 默认channel:'/' 不能被销毁 []
[2019-03-22T17:53:37.813] [INFO] info - 删除一个产品:10000_2101 []
