[2019-03-22T19:30:35.382] [INFO] info - 添加一个新的产品:10000_2101 []
[2019-03-22T19:30:35.383] [INFO] info - 12306 进入 channel / []
[2019-03-22T19:30:35.383] [INFO] info - 添加一个新的连接:{"userId":"12306","token":"12306","product":"10000_2101"} 当前人数为1 []
[2019-03-22T19:30:35.387] [INFO] info - undefined进入了 channel : 世界频道 []
[2019-03-22T19:30:35.388] [INFO] info - {"type":103,"msg_body":"Hello world","in_char_svr":"test","in_product":"test"} []
[2019-03-22T19:30:35.389] [INFO] info - {"type":103,"msg_body":"Hello world","in_char_svr":"test","in_product":"test","to_chat_svr":"test1"} []
[2019-03-22T19:30:35.390] [INFO] info - {"type":103,"msg_body":"Hello world","in_char_svr":"test","in_product":"test","to_chat_svr":"*"} []
[2019-03-22T19:30:35.392] [INFO] info - {"type":103,"msg_body":"Hello world","in_char_svr":"test","in_product":"test","to_chat_svr":"","to_channel":"世界频道"} []
[2019-03-22T19:30:35.393] [INFO] info - {"type":103,"msg_body":"Hello world","in_char_svr":"test","in_product":"test","to_chat_svr":"","to_channel":"世界频道","toid":"12306"} []
[2019-03-22T19:30:35.394] [INFO] info - undefined离开了 channel : 世界频道 []
[2019-03-22T19:30:35.394] [INFO] info - 删除一个连接:{"userId":"12306","token":"12306","product":"10000_2101"}  当前人数为0 []
[2019-03-22T19:30:35.395] [INFO] info - 12306 离开 channel / []
[2019-03-22T19:30:35.395] [INFO] info - 12306 离开 channel / 人数为 0 将要被销毁 []
[2019-03-22T19:30:35.395] [INFO] info - 默认channel:'/' 不能被销毁 []
[2019-03-22T19:30:35.396] [INFO] info - 删除一个产品:10000_2101 []
[2019-03-22T19:34:40.446] [INFO] info - 添加一个新的产品:10000_2101 []
[2019-03-22T19:34:40.447] [INFO] info - 12306  进入 -- channel / []
[2019-03-22T19:34:40.447] [INFO] info - 添加一个新的连接:"12306" 当前人数为1 []
[2019-03-22T19:34:40.466] [INFO] info - undefined进入了 channel : 世界频道 []
[2019-03-22T19:34:40.468] [INFO] info - {"type":103,"msg_body":"Hello world","in_char_svr":"test","in_product":"test"} []
[2019-03-22T19:34:40.469] [INFO] info - {"type":103,"msg_body":"Hello world","in_char_svr":"test","in_product":"test","to_chat_svr":"test1"} []
[2019-03-22T19:34:40.472] [INFO] info - {"type":103,"msg_body":"Hello world","in_char_svr":"test","in_product":"test","to_chat_svr":"*"} []
[2019-03-22T19:34:40.473] [INFO] info - {"type":103,"msg_body":"Hello world","in_char_svr":"test","in_product":"test","to_chat_svr":"","to_channel":"世界频道"} []
[2019-03-22T19:34:40.474] [INFO] info - {"type":103,"msg_body":"Hello world","in_char_svr":"test","in_product":"test","to_chat_svr":"","to_channel":"世界频道","toid":"12306"} []
[2019-03-22T19:34:40.476] [INFO] info - undefined离开了 channel : 世界频道 []
[2019-03-22T19:34:40.477] [INFO] info - 删除一个连接:{"userId":"12306","token":"12306","product":"10000_2101"}  当前人数为0 []
[2019-03-22T19:34:40.477] [INFO] info - 12306 离开 channel / []
[2019-03-22T19:34:40.478] [INFO] info - 12306 离开 channel / 人数为 0 将要被销毁 []
[2019-03-22T19:34:40.478] [INFO] info - 默认channel:'/' 不能被销毁 []
[2019-03-22T19:34:40.478] [INFO] info - 删除一个产品:10000_2101 []
[2019-03-22T19:36:13.718] [INFO] info - 添加一个新的产品:10000_2101 []
[2019-03-22T19:36:13.718] [INFO] info - 12306  进入 -- channel / []
[2019-03-22T19:36:13.718] [INFO] info - 添加一个新的连接:"12306" 当前人数为1 []
[2019-03-22T19:36:13.725] [INFO] info - undefined进入了 channel : 世界频道 []
[2019-03-22T19:36:13.728] [INFO] info - {"type":103,"msg_body":"Hello world","in_char_svr":"test","in_product":"test"} []
[2019-03-22T19:36:13.729] [INFO] info - {"type":103,"msg_body":"Hello world","in_char_svr":"test","in_product":"test","to_chat_svr":"test1"} []
[2019-03-22T19:36:13.730] [INFO] info - {"type":103,"msg_body":"Hello world","in_char_svr":"test","in_product":"test","to_chat_svr":"*"} []
[2019-03-22T19:36:13.731] [INFO] info - {"type":103,"msg_body":"Hello world","in_char_svr":"test","in_product":"test","to_chat_svr":"","to_channel":"世界频道"} []
[2019-03-22T19:36:13.731] [INFO] info - {"type":103,"msg_body":"Hello world","in_char_svr":"test","in_product":"test","to_chat_svr":"","to_channel":"世界频道","toid":"12306"} []
[2019-03-22T19:36:13.732] [INFO] info - undefined离开了 channel : 世界频道 []
[2019-03-22T19:36:13.733] [INFO] info - 删除一个连接:{"userId":"12306","token":"12306","product":"10000_2101"}  当前人数为0 []
[2019-03-22T19:36:13.733] [INFO] info - 12306 离开 channel / []
[2019-03-22T19:36:13.733] [INFO] info - 12306 离开 channel / 人数为 0 将要被销毁 []
[2019-03-22T19:36:13.734] [INFO] info - 默认channel:'/' 不能被销毁 []
[2019-03-22T19:36:13.734] [INFO] info - 删除一个产品:10000_2101 []
[2019-03-22T19:36:59.244] [INFO] info - 添加一个新的产品:10000_2101 []
[2019-03-22T19:36:59.245] [INFO] info - 12306  进入 -- channel / []
[2019-03-22T19:36:59.245] [INFO] info - 添加一个新的连接:"12306" 当前人数为1 []
[2019-03-22T19:36:59.252] [INFO] info - undefined进入了 channel : 世界频道 []
[2019-03-22T19:36:59.254] [INFO] info - {"type":103,"msg_body":"Hello world","in_char_svr":"test","in_product":"test"} []
[2019-03-22T19:36:59.255] [INFO] info - {"type":103,"msg_body":"Hello world","in_char_svr":"test","in_product":"test","to_chat_svr":"test1"} []
[2019-03-22T19:36:59.255] [INFO] info - {"type":103,"msg_body":"Hello world","in_char_svr":"test","in_product":"test","to_chat_svr":"*"} []
[2019-03-22T19:36:59.256] [INFO] info - {"type":103,"msg_body":"Hello world","in_char_svr":"test","in_product":"test","to_chat_svr":"","to_channel":"世界频道"} []
[2019-03-22T19:36:59.256] [INFO] info - {"type":103,"msg_body":"Hello world","in_char_svr":"test","in_product":"test","to_chat_svr":"","to_channel":"世界频道","toid":"12306"} []
[2019-03-22T19:36:59.257] [INFO] info - undefined离开了 channel : 世界频道 []
[2019-03-22T19:36:59.257] [INFO] info - 删除一个连接:{"userId":"12306","token":"12306","product":"10000_2101"}  当前人数为0 []
[2019-03-22T19:36:59.258] [INFO] info - 12306 离开 channel / []
[2019-03-22T19:36:59.258] [INFO] info - 12306 离开 channel / 人数为 0 将要被销毁 []
[2019-03-22T19:36:59.259] [INFO] info - 默认channel:'/' 不能被销毁 []
[2019-03-22T19:36:59.259] [INFO] info - 删除一个产品:10000_2101 []
[2019-03-22T19:41:36.844] [INFO] info - 添加一个新的产品:10000_2101 []
[2019-03-22T19:41:36.845] [INFO] info - 12306  进入 -- channel / []
[2019-03-22T19:41:36.846] [INFO] info - 添加一个新的连接:"12306" 当前人数为1 []
[2019-03-22T19:41:36.856] [INFO] info - undefined进入了 channel : 世界频道 []
[2019-03-22T19:41:36.857] [INFO] info - {"type":103,"msg_body":"Hello world","in_char_svr":"test","in_product":"test"} []
[2019-03-22T19:41:36.859] [INFO] info - {"type":103,"msg_body":"Hello world","in_char_svr":"test","in_product":"test","to_chat_svr":"test1"} []
[2019-03-22T19:41:36.860] [INFO] info - {"type":103,"msg_body":"Hello world","in_char_svr":"test","in_product":"test","to_chat_svr":"*"} []
[2019-03-22T19:41:36.860] [INFO] info - {"type":103,"msg_body":"Hello world","in_char_svr":"test","in_product":"test","to_chat_svr":"","to_channel":"世界频道"} []
[2019-03-22T19:41:36.861] [INFO] info - {"type":103,"msg_body":"Hello world","in_char_svr":"test","in_product":"test","to_chat_svr":"","to_channel":"世界频道","toid":"12306"} []
[2019-03-22T19:41:36.861] [INFO] info - undefined离开了 channel : 世界频道 []
[2019-03-22T19:41:36.862] [INFO] info - 删除一个连接:{"userId":"12306","token":"12306","product":"10000_2101"}  当前人数为0 []
[2019-03-22T19:41:36.863] [INFO] info - 12306 离开 channel / []
[2019-03-22T19:41:36.864] [INFO] info - 12306 离开 channel / 人数为 0 将要被销毁 []
[2019-03-22T19:41:36.864] [INFO] info - 默认channel:'/' 不能被销毁 []
[2019-03-22T19:41:36.865] [INFO] info - 删除一个产品:10000_2101 []
[2019-03-22T19:47:09.578] [INFO] info - 添加一个新的产品:10000_2101 []
[2019-03-22T19:47:09.579] [INFO] info - 12306  进入 -- channel / []
[2019-03-22T19:47:09.579] [INFO] info - 添加一个新的连接:"12306" 当前人数为1 []
[2019-03-22T19:47:09.586] [INFO] info - 进入了 channel : 世界频道 []
[2019-03-22T19:47:09.588] [INFO] info - {"type":103,"msg_body":"Hello world","in_char_svr":"test","in_product":"test","id":""} []
[2019-03-22T19:47:09.590] [INFO] info - {"type":103,"msg_body":"Hello world","in_char_svr":"test","in_product":"test","id":"","to_chat_svr":"test1"} []
[2019-03-22T19:47:09.592] [INFO] info - {"type":103,"msg_body":"Hello world","in_char_svr":"test","in_product":"test","id":"","to_chat_svr":"*"} []
[2019-03-22T19:47:09.592] [INFO] info - {"type":103,"msg_body":"Hello world","in_char_svr":"test","in_product":"test","id":"","to_chat_svr":"","to_channel":"世界频道"} []
[2019-03-22T19:47:09.593] [INFO] info - {"type":103,"msg_body":"Hello world","in_char_svr":"test","in_product":"test","id":"","to_chat_svr":"","to_channel":"世界频道","toid":"12306"} []
[2019-03-22T19:47:09.594] [INFO] info - 离开了 channel : 世界频道 []
[2019-03-22T19:47:09.595] [INFO] info - 删除一个连接:{"userId":"12306","token":"12306","product":"10000_2101"}  当前人数为0 []
[2019-03-22T19:47:09.596] [INFO] info - 12306 离开 channel / []
[2019-03-22T19:47:09.596] [INFO] info - 12306 离开 channel / 人数为 0 将要被销毁 []
[2019-03-22T19:47:09.597] [INFO] info - 默认channel:'/' 不能被销毁 []
[2019-03-22T19:47:09.597] [INFO] info - 删除一个产品:10000_2101 []
[2019-03-22T19:50:46.529] [INFO] info - 添加一个新的产品:10000_2101 []
[2019-03-22T19:50:46.529] [INFO] info - 12306  进入 -- channel / []
[2019-03-22T19:50:46.530] [INFO] info - 添加一个新的连接:"12306" 当前人数为1 []
[2019-03-22T19:50:46.538] [INFO] info - 12306进入了 channel : 世界频道 []
[2019-03-22T19:50:46.540] [INFO] info - {"type":103,"msg_body":"Hello world","in_char_svr":"test","in_product":"test","id":"12306"} []
[2019-03-22T19:50:46.541] [INFO] info - {"type":103,"msg_body":"Hello world","in_char_svr":"test","in_product":"test","id":"12306","to_chat_svr":"test1"} []
[2019-03-22T19:50:46.542] [INFO] info - {"type":103,"msg_body":"Hello world","in_char_svr":"test","in_product":"test","id":"12306","to_chat_svr":"*"} []
[2019-03-22T19:50:46.542] [INFO] info - {"type":103,"msg_body":"Hello world","in_char_svr":"test","in_product":"test","id":"12306","to_chat_svr":"","to_channel":"世界频道"} []
[2019-03-22T19:50:46.544] [INFO] info - {"type":103,"msg_body":"Hello world","in_char_svr":"test","in_product":"test","id":"12306","to_chat_svr":"","to_channel":"世界频道","toid":"12306"} []
[2019-03-22T19:50:46.545] [INFO] info - 12306离开了 channel : 世界频道 []
[2019-03-22T19:50:46.548] [INFO] info - 删除一个连接:{"userId":"12306","token":"12306","product":"10000_2101"}  当前人数为0 []
[2019-03-22T19:50:46.549] [INFO] info - 12306 离开 channel / []
[2019-03-22T19:50:46.549] [INFO] info - 12306 离开 channel / 人数为 0 将要被销毁 []
[2019-03-22T19:50:46.549] [INFO] info - 默认channel:'/' 不能被销毁 []
[2019-03-22T19:50:46.550] [INFO] info - 删除一个产品:10000_2101 []
[2019-03-22T19:53:05.832] [INFO] info - 添加一个新的产品:10000_2101 []
[2019-03-22T19:53:05.832] [INFO] info - 12306  进入 -- channel / []
[2019-03-22T19:53:05.833] [INFO] info - 添加一个新的连接:"12306" 当前人数为1 []
[2019-03-22T19:53:05.842] [INFO] info - 12306进入了 channel : 世界频道 []
[2019-03-22T19:53:05.845] [INFO] info - {"type":103,"msg_body":"Hello world","in_char_svr":"test","in_product":"test","id":"12306"} []
[2019-03-22T19:53:05.848] [INFO] info - {"type":103,"msg_body":"Hello world","in_char_svr":"test","in_product":"test","id":"12306","to_chat_svr":"test1"} []
[2019-03-22T19:53:05.849] [INFO] info - {"type":103,"msg_body":"Hello world","in_char_svr":"test","in_product":"test","id":"12306","to_chat_svr":"*"} []
[2019-03-22T19:53:05.850] [INFO] info - {"type":103,"msg_body":"Hello world","in_char_svr":"test","in_product":"test","id":"12306","to_chat_svr":"","to_channel":"世界频道"} []
[2019-03-22T19:53:05.850] [INFO] info - {"type":103,"msg_body":"Hello world","in_char_svr":"test","in_product":"test","id":"12306","to_chat_svr":"","to_channel":"世界频道","toid":"12306"} []
[2019-03-22T19:53:05.852] [INFO] info - 12306离开了 channel : 世界频道 []
[2019-03-22T19:53:05.853] [INFO] info - 删除一个连接:{"userId":"12306","token":"12306","product":"10000_2101"}  当前人数为0 []
[2019-03-22T19:53:05.860] [INFO] info - 12306 离开 channel / []
[2019-03-22T19:53:05.861] [INFO] info - 12306 离开 channel / 人数为 0 将要被销毁 []
[2019-03-22T19:53:05.861] [INFO] info - 默认channel:'/' 不能被销毁 []
[2019-03-22T19:53:05.862] [INFO] info - 删除一个产品:10000_2101 []
[2019-03-22T19:53:15.839] [INFO] info - --------------------- gateway connect succeed []
