[2019-03-25T10:29:45.798] [INFO] info - 添加一个新的产品:10000_2101 []
[2019-03-25T10:29:45.799] [INFO] info - 12306  进入 -- channel / []
[2019-03-25T10:29:45.799] [INFO] info - 添加一个新的连接:"12306" 当前人数为1 []
[2019-03-25T10:29:45.808] [INFO] info - 12306进入了 channel : 世界频道 []
[2019-03-25T10:29:45.808] [INFO] info - {"type":103,"msg_body":"Hello world","in_char_svr":"test","in_product":"test","id":"12306"} []
[2019-03-25T10:29:45.812] [INFO] info - {"type":103,"msg_body":"Hello world","in_char_svr":"test","in_product":"test","id":"12306","to_chat_svr":"test1"} []
[2019-03-25T10:29:45.814] [INFO] info - --------------------- gateway connect succeed []
[2019-03-25T10:29:45.814] [INFO] info - {"type":103,"msg_body":"Hello world","in_char_svr":"test","in_product":"test","id":"12306","to_chat_svr":"*"} []
[2019-03-25T10:29:45.815] [INFO] info - {"type":103,"msg_body":"Hello world","in_char_svr":"test","in_product":"test","id":"12306","to_chat_svr":"","to_channel":"世界频道"} []
[2019-03-25T10:29:45.816] [INFO] info - {"type":103,"msg_body":"Hello world","in_char_svr":"test","in_product":"test","id":"12306","to_chat_svr":"","to_channel":"世界频道","toid":"12306"} []
[2019-03-25T10:29:45.816] [INFO] info - 12306离开了 channel : 世界频道 []
[2019-03-25T10:29:45.817] [INFO] info - 删除一个连接:{"userId":"12306","token":"12306","product":"10000_2101"}  当前人数为0 []
[2019-03-25T10:29:45.818] [INFO] info - 12306 离开 channel / []
[2019-03-25T10:29:45.818] [INFO] info - 12306 离开 channel / 人数为 0 将要被销毁 []
[2019-03-25T10:29:45.818] [INFO] info - 默认channel:'/' 不能被销毁 []
[2019-03-25T10:29:45.819] [INFO] info - 删除一个产品:10000_2101 []
[2019-03-25T10:31:56.421] [INFO] info - 添加一个新的产品:10000_2101 []
[2019-03-25T10:31:56.421] [INFO] info - 12306  进入 -- channel / []
[2019-03-25T10:31:56.421] [INFO] info - 添加一个新的连接:"12306" 当前人数为1 []
[2019-03-25T10:31:56.431] [INFO] info - --------------------- gateway connect succeed []
[2019-03-25T10:31:56.432] [INFO] info - 12306进入了 channel : 世界频道 []
[2019-03-25T10:31:56.435] [INFO] info - {"type":103,"msg_body":"Hello world","in_char_svr":"test","in_product":"test","id":"12306"} []
[2019-03-25T10:31:56.436] [INFO] info - {"type":103,"msg_body":"Hello world","in_char_svr":"test","in_product":"test","id":"12306","to_chat_svr":"test1"} []
[2019-03-25T10:31:56.437] [INFO] info - {"type":103,"msg_body":"Hello world","in_char_svr":"test","in_product":"test","id":"12306","to_chat_svr":"*"} []
[2019-03-25T10:31:56.437] [INFO] info - {"type":103,"msg_body":"Hello world","in_char_svr":"test","in_product":"test","id":"12306","to_chat_svr":"","to_channel":"世界频道"} []
[2019-03-25T10:31:56.438] [INFO] info - {"type":103,"msg_body":"Hello world","in_char_svr":"test","in_product":"test","id":"12306","to_chat_svr":"","to_channel":"世界频道","toid":"12306"} []
[2019-03-25T10:31:56.438] [INFO] info - 12306离开了 channel : 世界频道 []
[2019-03-25T10:31:56.439] [INFO] info - 删除一个连接:{"userId":"12306","token":"12306","product":"10000_2101"}  当前人数为0 []
[2019-03-25T10:31:56.439] [INFO] info - 12306 离开 channel / []
[2019-03-25T10:31:56.439] [INFO] info - 12306 离开 channel / 人数为 0 将要被销毁 []
[2019-03-25T10:31:56.440] [INFO] info - 默认channel:'/' 不能被销毁 []
[2019-03-25T10:31:56.440] [INFO] info - 删除一个产品:10000_2101 []
[2019-03-25T10:33:05.567] [INFO] info - 添加一个新的产品:10000_2101 []
[2019-03-25T10:33:05.568] [INFO] info - 12306  进入 -- channel / []
[2019-03-25T10:33:05.568] [INFO] info - 添加一个新的连接:"12306" 当前人数为1 []
[2019-03-25T10:33:05.578] [INFO] info - 12306进入了 channel : 世界频道 []
[2019-03-25T10:33:05.581] [INFO] info - --------------------- gateway connect succeed []
[2019-03-25T10:33:05.581] [INFO] info - {"type":103,"msg_body":"Hello world","in_char_svr":"test","in_product":"test","id":"12306"} []
[2019-03-25T10:33:05.582] [INFO] info - {"type":103,"msg_body":"Hello world","in_char_svr":"test","in_product":"test","id":"12306","to_chat_svr":"test1"} []
[2019-03-25T10:33:05.583] [INFO] info - {"type":103,"msg_body":"Hello world","in_char_svr":"test","in_product":"test","id":"12306","to_chat_svr":"*"} []
[2019-03-25T10:33:05.583] [INFO] info - {"type":103,"msg_body":"Hello world","in_char_svr":"test","in_product":"test","id":"12306","to_chat_svr":"","to_channel":"世界频道"} []
[2019-03-25T10:33:05.584] [INFO] info - {"type":103,"msg_body":"Hello world","in_char_svr":"test","in_product":"test","id":"12306","to_chat_svr":"","to_channel":"世界频道","toid":"12306"} []
[2019-03-25T10:33:05.584] [INFO] info - 12306离开了 channel : 世界频道 []
[2019-03-25T10:33:05.585] [INFO] info - 删除一个连接:{"userId":"12306","token":"12306","product":"10000_2101"}  当前人数为0 []
[2019-03-25T10:33:05.585] [INFO] info - 12306 离开 channel / []
[2019-03-25T10:33:05.585] [INFO] info - 12306 离开 channel / 人数为 0 将要被销毁 []
[2019-03-25T10:33:05.585] [INFO] info - 默认channel:'/' 不能被销毁 []
[2019-03-25T10:33:05.585] [INFO] info - 删除一个产品:10000_2101 []
