[2019-03-25T10:18:23.630] [ERROR] error - Error: Unexpected server response: 200
    at ClientRequest.req.on (D:\jt\works\ChatServer\APIGateway\node_modules\ws\lib\websocket.js:561:5)
    at emitOne (events.js:115:13)
    at ClientRequest.emit (events.js:210:7)
    at HTTPParser.parserOnIncomingClient [as onIncoming] (_http_client.js:564:21)
    at HTTPParser.parserOnHeadersComplete (_http_common.js:116:23)
    at Socket.socketOnData (_http_client.js:453:20)
    at emitOne (events.js:115:13)
    at Socket.emit (events.js:210:7)
    at addChunk (_stream_readable.js:252:12)
    at readableAddChunk (_stream_readable.js:239:11)
    at Socket.Readable.push (_stream_readable.js:197:10)
    at TCP.onread (net.js:588:20) []
[2019-03-25T10:18:23.633] [ERROR] error - Error: Unexpected server response: 200
    at ClientRequest.req.on (D:\jt\works\ChatServer\APIGateway\node_modules\ws\lib\websocket.js:561:5)
    at emitOne (events.js:115:13)
    at ClientRequest.emit (events.js:210:7)
    at HTTPParser.parserOnIncomingClient [as onIncoming] (_http_client.js:564:21)
    at HTTPParser.parserOnHeadersComplete (_http_common.js:116:23)
    at Socket.socketOnData (_http_client.js:453:20)
    at emitOne (events.js:115:13)
    at Socket.emit (events.js:210:7)
    at addChunk (_stream_readable.js:252:12)
    at readableAddChunk (_stream_readable.js:239:11)
    at Socket.Readable.push (_stream_readable.js:197:10)
    at TCP.onread (net.js:588:20) []
[2019-03-25T10:26:24.251] [ERROR] error - Error: Unexpected server response: 200
    at ClientRequest.req.on (D:\jt\works\ChatServer\APIGateway\node_modules\ws\lib\websocket.js:561:5)
    at emitOne (events.js:115:13)
    at ClientRequest.emit (events.js:210:7)
    at HTTPParser.parserOnIncomingClient [as onIncoming] (_http_client.js:564:21)
    at HTTPParser.parserOnHeadersComplete (_http_common.js:116:23)
    at Socket.socketOnData (_http_client.js:453:20)
    at emitOne (events.js:115:13)
    at Socket.emit (events.js:210:7)
    at addChunk (_stream_readable.js:252:12)
    at readableAddChunk (_stream_readable.js:239:11)
    at Socket.Readable.push (_stream_readable.js:197:10)
    at TCP.onread (net.js:588:20) []
[2019-03-25T10:26:24.253] [ERROR] error - Error: Unexpected server response: 200
    at ClientRequest.req.on (D:\jt\works\ChatServer\APIGateway\node_modules\ws\lib\websocket.js:561:5)
    at emitOne (events.js:115:13)
    at ClientRequest.emit (events.js:210:7)
    at HTTPParser.parserOnIncomingClient [as onIncoming] (_http_client.js:564:21)
    at HTTPParser.parserOnHeadersComplete (_http_common.js:116:23)
    at Socket.socketOnData (_http_client.js:453:20)
    at emitOne (events.js:115:13)
    at Socket.emit (events.js:210:7)
    at addChunk (_stream_readable.js:252:12)
    at readableAddChunk (_stream_readable.js:239:11)
    at Socket.Readable.push (_stream_readable.js:197:10)
    at TCP.onread (net.js:588:20) []
